Arguments: 
  /usr/local/bin/node /usr/local/Cellar/yarn/1.5.1_1/libexec/bin/yarn.js yarn init

PATH: 
  /Users/markandanramadoss/.rvm/gems/ruby-2.2.3/bin:/Users/markandanramadoss/.rvm/gems/ruby-2.2.3@global/bin:/Users/markandanramadoss/.rvm/rubies/ruby-2.2.3/bin:/usr/local/bin:/usr/bin:/bin:/usr/sbin:/sbin:/Users/markandanramadoss/.rvm/bin

Yarn version: 
  1.5.1

Node version: 
  9.10.1

Platform: 
  darwin x64

npm manifest: 
  {
    "name": "webpack-eslint-react-boilerplate",
    "version": "1.0.0",
    "description": "Boilerplate configuration using Webpack, ESLint for React applications",
    "main": "index.js",
    "scripts": {
      "test": "jest"
    },
    "repository": {
      "type": "git",
      "url": "git+https://github.com/markandan/webpack-eslint-react-boilerplate.git"
    },
    "keywords": [
      "webpack",
      "eslint",
      "react"
    ],
    "author": "Markandan",
    "license": "ISC",
    "bugs": {
      "url": "https://github.com/markandan/webpack-eslint-react-boilerplate/issues"
    },
    "homepage": "https://github.com/markandan/webpack-eslint-react-boilerplate#readme"
  }

yarn manifest: 
  No manifest

Lockfile: 
  No lockfile

Trace: 
  Error: Command "yarn" not found.
      at new MessageError (/usr/local/Cellar/yarn/1.5.1_1/libexec/lib/cli.js:186:110)
      at /usr/local/Cellar/yarn/1.5.1_1/libexec/lib/cli.js:87307:17
      at Generator.next (<anonymous>)
      at step (/usr/local/Cellar/yarn/1.5.1_1/libexec/lib/cli.js:98:30)
      at /usr/local/Cellar/yarn/1.5.1_1/libexec/lib/cli.js:116:14
      at new Promise (<anonymous>)
      at new F (/usr/local/Cellar/yarn/1.5.1_1/libexec/lib/cli.js:23451:28)
      at /usr/local/Cellar/yarn/1.5.1_1/libexec/lib/cli.js:95:12
      at runCommand (/usr/local/Cellar/yarn/1.5.1_1/libexec/lib/cli.js:87312:22)
      at Object.<anonymous> (/usr/local/Cellar/yarn/1.5.1_1/libexec/lib/cli.js:87412:14)
